[INFO ] 2021-06-08 11:17:15.072 [main] NavigationBar - Browser is initialized please write file name
[INFO ] 2021-06-08 11:17:25.892 [main] NavigationBar - Navigate to home page
[INFO ] 2021-06-08 11:17:59.572 [main] NavigationBar - We are sending teh keys
[INFO ] 2021-06-08 11:19:03.705 [main] NavigationBar - We are sending teh keys
[INFO ] 2021-06-08 11:19:08.475 [main] NavigationBar - Validating text
[INFO ] 2021-06-08 11:19:44.343 [main] NavigationBar - We have sucessfully closed browser
[ERROR] 2021-06-08 11:19:44.344 [main] NavigationBar - This is error
[INFO ] 2021-06-08 11:37:33.936 [main] NavigationBar - We are sending teh keys
[INFO ] 2021-06-08 11:38:03.923 [main] NavigationBar - We are sending teh keys
[INFO ] 2021-06-08 11:38:12.040 [main] NavigationBar - Browser is initialized please write file name
[INFO ] 2021-06-08 11:38:33.765 [main] NavigationBar - Navigate to home page
[INFO ] 2021-06-08 11:38:33.880 [main] NavigationBar - Validating text
[INFO ] 2021-06-08 11:38:35.132 [main] NavigationBar - We have sucessfully closed browser
[ERROR] 2021-06-08 11:38:35.132 [main] NavigationBar - This is error
[INFO ] 2021-06-08 11:40:30.299 [main] NavigationBar - Browser is initialized please write file name
[INFO ] 2021-06-08 11:40:40.315 [main] NavigationBar - Navigate to home page
[INFO ] 2021-06-08 11:40:41.149 [main] NavigationBar - Validating text
[INFO ] 2021-06-08 11:40:41.917 [main] NavigationBar - We have sucessfully closed browser
[ERROR] 2021-06-08 11:40:41.918 [main] NavigationBar - This is error
[INFO ] 2021-06-08 11:41:24.176 [main] NavigationBar - We are sending teh keys
[INFO ] 2021-06-08 11:41:49.217 [main] NavigationBar - We are sending teh keys
[INFO ] 2021-06-08 11:42:47.656 [main] NavigationBar - We are sending teh keys
[INFO ] 2021-06-08 11:43:05.970 [main] NavigationBar - We are sending teh keys
[INFO ] 2021-06-08 11:43:55.113 [main] NavigationBar - We are sending teh keys
[INFO ] 2021-06-08 11:44:16.027 [main] NavigationBar - We are sending teh keys
[INFO ] 2021-06-08 11:54:45.874 [main] NavigationBar - We are sending teh keys
[INFO ] 2021-06-08 11:55:03.698 [main] NavigationBar - We are sending teh keys
